 [aero "1.1.6"]
 [com.taoensso/timbre "5.1.2"]
   [com.taoensso/encore "3.12.1"]
     [com.taoensso/truss "1.6.0"]
   [io.aviso/pretty "0.1.37"]
 [hermes.lib/component "1.0.0"]
 [io.pedestal/pedestal.service-tools "0.5.7" :scope "test"]
   [ns-tracker "0.4.0" :scope "test"]
     [org.clojure/java.classpath "0.3.0" :scope "test"]
     [org.clojure/tools.namespace "0.2.11" :scope "test"]
   [org.clojure/data.xml "0.2.0-alpha5" :scope "test"]
     [org.clojure/data.codec "0.1.0" :scope "test"]
 [nrepl "0.8.3" :exclusions [[org.clojure/clojure]]]
 [org.clojure/clojure "1.10.3"]
   [org.clojure/core.specs.alpha "0.2.56"]
 [org.clojure/spec.alpha "0.3.214"]
 [org.clojure/test.check "1.1.1"]
 [org.nrepl/incomplete "0.1.0" :exclusions [[org.clojure/clojure]]]
 [stellar.van-buren/im "1.5.0-20220410.134324-3"]
   [buddy/buddy-auth "3.0.323" :exclusions [[stellar.lib/schema] [cheshire]]]
     [buddy/buddy-sign "3.4.333"]
     [clout "2.2.1"]
       [instaparse "1.4.8" :exclusions [[org.clojure/clojure]]]
   [buddy/buddy-hashers "1.8.158" :exclusions [[stellar.lib/schema]]]
     [buddy/buddy-core "1.10.413"]
       [org.bouncycastle/bcpkix-jdk15on "1.70"]
         [org.bouncycastle/bcutil-jdk15on "1.70"]
       [org.bouncycastle/bcprov-jdk15on "1.70"]
     [clojurewerkz/scrypt "1.2.0"]
       [com.lambdaworks/scrypt "1.4.0"]
   [com.novemberain/langohr "5.3.0" :exclusions [[stellar.lib/schema]]]
     [clojurewerkz/support "1.1.0" :exclusions [[com.google.guava/guava]]]
     [com.rabbitmq/amqp-client "5.14.0"]
   [com.stuartsierra/component "0.4.0" :exclusions [[stellar.lib/schema]]]
     [com.stuartsierra/dependency "0.2.0"]
   [com.taoensso/nippy "3.1.1" :exclusions [[stellar.lib/schema]]]
     [org.iq80.snappy/snappy "0.4"]
     [org.lz4/lz4-java "1.7.1"]
     [org.tukaani/xz "1.8"]
   [danlentz/clj-uuid "0.1.9" :exclusions [[stellar.lib/schema]]]
     [primitive-math "0.1.6"]
   [hermes.client/kafka "3.0.4-20220326.123113-1" :exclusions [[stellar.lib/schema]]]
     [org.apache.kafka/kafka-clients "2.7.0" :exclusions [[io.grpc/grpc-api] [io.grpc/grpc-core]]]
       [com.github.luben/zstd-jni "1.4.5-6"]
       [org.xerial.snappy/snappy-java "1.1.7.7"]
     [org.clojure/java.data "1.0.95" :exclusions [[io.grpc/grpc-api] [io.grpc/grpc-core]]]
   [hermes.logic/Arbitrageur "2.0.2-20220410.133706-3" :exclusions [[stellar.lib/schema]]]
     [aysylu/loom "1.0.2" :exclusions [[stellar.lib/schema]]]
       [org.clojure/data.priority-map "0.0.5"]
       [tailrecursion/cljs-priority-map "1.2.1"]
         [org.clojure/clojurescript "1.7.170"]
           [com.google.javascript/closure-compiler "v20151015"]
           [org.clojure/data.json "0.2.6"]
           [org.clojure/google-closure-library "0.0-20151016-61277aea"]
             [org.clojure/google-closure-library-third-party "0.0-20151016-61277aea"]
           [org.mozilla/rhino "1.7R5"]
     [dk.ative/docjure "1.17.0" :exclusions [[stellar.lib/schema]]]
       [org.apache.poi/poi-ooxml "4.1.1"]
         [com.github.virtuald/curvesapi "1.06"]
         [org.apache.commons/commons-compress "1.19"]
         [org.apache.poi/poi-ooxml-schemas "4.1.1"]
           [org.apache.xmlbeans/xmlbeans "3.1.0"]
       [org.apache.poi/poi "4.1.1"]
         [org.apache.commons/commons-collections4 "4.4"]
         [org.apache.commons/commons-math3 "3.6.1"]
   [io.pedestal/pedestal.jetty "0.5.10" :exclusions [[stellar.lib/schema]]]
     [javax.servlet/javax.servlet-api "3.1.0"]
     [org.eclipse.jetty.alpn/alpn-api "1.1.3.v20160715"]
     [org.eclipse.jetty.http2/http2-server "9.4.44.v20210927"]
       [org.eclipse.jetty.http2/http2-common "9.4.44.v20210927"]
         [org.eclipse.jetty.http2/http2-hpack "9.4.44.v20210927"]
     [org.eclipse.jetty.websocket/websocket-api "9.4.44.v20210927"]
     [org.eclipse.jetty.websocket/websocket-server "9.4.44.v20210927"]
       [org.eclipse.jetty.websocket/websocket-client "9.4.44.v20210927"]
         [org.eclipse.jetty/jetty-client "9.4.44.v20210927"]
       [org.eclipse.jetty.websocket/websocket-common "9.4.44.v20210927"]
     [org.eclipse.jetty.websocket/websocket-servlet "9.4.44.v20210927"]
     [org.eclipse.jetty/jetty-alpn-server "9.4.44.v20210927"]
     [org.eclipse.jetty/jetty-server "9.4.44.v20210927"]
       [org.eclipse.jetty/jetty-http "9.4.44.v20210927"]
         [org.eclipse.jetty/jetty-util "9.4.44.v20210927"]
       [org.eclipse.jetty/jetty-io "9.4.44.v20210927"]
     [org.eclipse.jetty/jetty-servlet "9.4.44.v20210927"]
       [org.eclipse.jetty/jetty-security "9.4.44.v20210927"]
       [org.eclipse.jetty/jetty-util-ajax "9.4.44.v20210927"]
   [io.pedestal/pedestal.route "0.5.10" :exclusions [[stellar.lib/schema]]]
     [org.clojure/core.incubator "0.1.4"]
   [io.pedestal/pedestal.service "0.5.10" :exclusions [[stellar.lib/schema]]]
     [com.cognitect/transit-clj "0.8.313"]
       [com.cognitect/transit-java "0.8.337"]
         [javax.xml.bind/jaxb-api "2.3.0"]
         [org.msgpack/msgpack "0.6.12"]
           [com.googlecode.json-simple/json-simple "1.1.1" :exclusions [[junit]]]
           [org.javassist/javassist "3.18.1-GA"]
     [commons-codec "1.15"]
     [crypto-equality "1.0.0"]
     [crypto-random "1.2.0" :exclusions [[commons-codec]]]
     [io.pedestal/pedestal.interceptor "0.5.10"]
       [org.clojure/core.match "0.3.0" :exclusions [[org.clojure/clojurescript]]]
     [io.pedestal/pedestal.log "0.5.10"]
       [io.dropwizard.metrics/metrics-core "4.1.0"]
       [io.dropwizard.metrics/metrics-jmx "4.1.0"]
       [io.opentracing/opentracing-api "0.33.0"]
       [io.opentracing/opentracing-util "0.33.0"]
         [io.opentracing/opentracing-noop "0.33.0"]
     [org.clojure/tools.analyzer.jvm "0.7.2"]
       [org.clojure/core.memoize "0.5.9"]
         [org.clojure/core.cache "0.6.5"]
       [org.clojure/tools.analyzer "0.6.9"]
       [org.ow2.asm/asm-all "4.2"]
     [ring/ring-core "1.9.4" :exclusions [[org.clojure/clojure] [org.clojure/tools.reader] [crypto-random] [crypto-equality]]]
       [commons-fileupload "1.4"]
       [ring/ring-codec "1.1.3"]
   [stellar.lib/algorithm-utils "1.6.0-20220410.133458-2" :exclusions [[stellar.lib/schema]]]
   [stellar.lib/schema "2.0.7-20220410.133212-1" :exclusions [[stellar.lib/schema]]]
   [tick "0.5.0-RC5" :exclusions [[stellar.lib/schema]]]
     [cljc.java-time "0.1.18"]
       [cljs.java-time "0.1.19"]
         [henryw374/js-joda "3.2.0-0"]
         [net.cgrand/macrovich "0.2.0" :exclusions [[org.clojure/clojurescript]]]
     [cljsjs/js-joda-locale-en-us "3.1.1-1"]
     [cljsjs/js-joda-timezone "2.2.0-0"]
     [time-literals "0.1.5" :exclusions [[cljs.java-time]]]
 [stellar.van-buren/persisteur "1.0.2-20220410.134154-2"]
   [aleph "0.4.6" :exclusions [[stellar.lib/schema]]]
     [byte-streams "0.2.4"]
       [clj-tuple "0.2.2"]
     [io.netty/netty-codec-http "4.1.25.Final"]
     [io.netty/netty-codec "4.1.25.Final"]
     [io.netty/netty-handler-proxy "4.1.25.Final"]
       [io.netty/netty-codec-socks "4.1.25.Final"]
     [io.netty/netty-handler "4.1.25.Final"]
     [io.netty/netty-resolver-dns "4.1.25.Final"]
       [io.netty/netty-codec-dns "4.1.25.Final"]
     [io.netty/netty-resolver "4.1.25.Final"]
     [io.netty/netty-transport-native-epoll "4.1.25.Final"]
       [io.netty/netty-common "4.1.25.Final"]
       [io.netty/netty-transport-native-unix-common "4.1.25.Final"]
     [io.netty/netty-transport "4.1.25.Final"]
       [io.netty/netty-buffer "4.1.25.Final"]
     [manifold "0.1.8"]
       [io.aleph/dirigiste "0.1.5"]
       [riddley "0.1.14"]
     [org.clojure/tools.logging "0.4.1" :exclusions [[org.clojure/clojure]]]
     [potemkin "0.4.5"]
   [com.mchange/c3p0 "0.9.5.5" :exclusions [[stellar.lib/schema]]]
     [com.mchange/mchange-commons-java "0.2.19"]
   [nilenso/honeysql-postgres "0.4.112" :exclusions [[stellar.lib/schema]]]
   [org.clojure/core.async "1.5.648" :exclusions [[stellar.lib/schema]]]
   [org.clojure/java.jdbc "0.7.12" :exclusions [[stellar.lib/schema]]]
   [org.postgresql/postgresql "42.3.3" :exclusions [[stellar.lib/schema]]]
     [org.checkerframework/checker-qual "3.5.0" :scope "runtime"]
   [org.slf4j/slf4j-api "1.7.36" :exclusions [[stellar.lib/schema]]]
   [org.slf4j/slf4j-simple "1.7.36" :exclusions [[stellar.lib/schema]]]
   [ragtime "0.8.1" :exclusions [[stellar.lib/schema]]]
     [ragtime/core "0.8.1"]
     [ragtime/jdbc "0.8.1"]
       [resauce "0.1.0"]
 [stellar.van-buren/web "1.0.2-20220411.175455-4"]
   [ch.qos.logback/logback-classic "1.2.3" :exclusions [[stellar.lib/schema] [org.slf4j/slf4j-api]]]
     [ch.qos.logback/logback-core "1.2.3"]
   [cheshire "5.10.2" :exclusions [[stellar.lib/schema]]]
     [com.fasterxml.jackson.core/jackson-core "2.12.4"]
     [com.fasterxml.jackson.dataformat/jackson-dataformat-cbor "2.12.4" :exclusions [[com.fasterxml.jackson.core/jackson-databind]]]
     [com.fasterxml.jackson.dataformat/jackson-dataformat-smile "2.12.4" :exclusions [[com.fasterxml.jackson.core/jackson-databind]]]
     [tigris "0.1.2"]
   [clj-http "3.12.3" :exclusions [[stellar.lib/schema]]]
     [commons-io "2.8.0" :exclusions [[org.clojure/clojure]]]
     [org.apache.httpcomponents/httpasyncclient "4.1.4" :exclusions [[org.clojure/clojure]]]
       [org.apache.httpcomponents/httpcore-nio "4.4.10"]
     [org.apache.httpcomponents/httpclient-cache "4.5.13" :exclusions [[org.clojure/clojure]]]
     [org.apache.httpcomponents/httpclient "4.5.13" :exclusions [[org.clojure/clojure]]]
       [commons-logging "1.2"]
     [org.apache.httpcomponents/httpcore "4.4.14" :exclusions [[org.clojure/clojure]]]
     [org.apache.httpcomponents/httpmime "4.5.13" :exclusions [[org.clojure/clojure]]]
     [slingshot "0.12.2" :exclusions [[org.clojure/clojure]]]
   [com.novemberain/monger "3.5.0" :exclusions [[stellar.lib/schema]]]
     [org.mongodb/mongodb-driver "3.9.1"]
       [org.mongodb/bson "3.9.1"]
       [org.mongodb/mongodb-driver-core "3.9.1"]
   [honeysql "1.0.461" :exclusions [[stellar.lib/schema]]]
   [org.clojure/tools.reader "1.3.6" :exclusions [[stellar.lib/schema]]]
   [org.slf4j/jcl-over-slf4j "1.7.36" :exclusions [[stellar.lib/schema]]]
   [org.slf4j/jul-to-slf4j "1.7.36" :exclusions [[stellar.lib/schema]]]
   [org.slf4j/log4j-over-slf4j "1.7.36" :exclusions [[stellar.lib/schema]]]
 [van-buren-sle-router "0.1.0-20220411.202706-13"]
   [hermes.client/lightstreamer "0.1.0-20211116.151514-1"]
     [com.lightstreamer/ls-javase-client "4.3.7"]
       [com.cedarsoftware/json-io "4.10.0" :scope "runtime"]
       [com.lightstreamer/ls-log-adapter-java "1.0.2" :scope "runtime"]
   [org.clojure/tools.cli "1.0.206"]
   [org.graylog2/gelfclient "1.5.1"]
